<?xml version="1.0" encoding="UTF-8"?>
<testsuite xmlns:xsi="http://www.w3.org/2001/XMLSchema-instance" xsi:noNamespaceSchemaLocation="https://maven.apache.org/surefire/maven-surefire-plugin/xsd/surefire-test-report-3.0.xsd" version="3.0" name="controlador.CitaControllerTest" time="0.785" tests="14" errors="0" skipped="0" failures="0">
  <properties>
[...]
</properties>
  <testcase name="agendarCita_debe_crear_cita_exitosamente" classname="controlador.CitaControllerTest" time="0.529">
    <system-out><![CDATA[
============================================================
🔌 INICIANDO CONEXIÓN A MONGODB
============================================================
⚙️  Configuración establecida
   URL: mongodb://localhost:27017
   Base de datos: sistema_citas
✅ CONEXIÓN EXITOSA
📁 Base de datos activa: sistema_citas
============================================================

✅ RepositorioCitasMongo inicializado
📁 Colección: citas
✅ CitaController inicializado con MongoDB
⚠️ Todas las citas han sido eliminadas

🧹 Base de datos limpiada para el test

📝 Intentando agendar cita:
   - Servicio: Consulta General
   - Personal: Dr. Juan Pérez
   - Fecha: 2026-02-03
   - Hora: 10:00
🆕 Cita creada con código: CITA-E17FD643
✅ Cita guardada: CITA-E17FD643
✅ Cita guardada exitosamente en MongoDB
⚠️ Todas las citas han sido eliminadas
🧹 Base de datos limpiada después del test

]]></system-out>
    <system-err><![CDATA[[main] INFO org.mongodb.driver.client - MongoClient with metadata {"driver": {"name": "mongo-java-driver|sync", "version": "5.1.4"}, "os": {"type": "Windows", "name": "Windows 11", "architecture": "amd64", "version": "10.0"}, "platform": "Java/Oracle Corporation/21.0.8+12-LTS-250"} created with settings MongoClientSettings{readPreference=primary, writeConcern=WriteConcern{w=null, wTimeout=null ms, journal=null}, retryWrites=true, retryReads=true, readConcern=ReadConcern{level=null}, credential=null, transportSettings=null, commandListeners=[], codecRegistry=ProvidersCodecRegistry{codecProviders=[ProvidersCodecRegistry{codecProviders=[ValueCodecProvider{}, BsonValueCodecProvider{}, DBRefCodecProvider{}, DBObjectCodecProvider{}, DocumentCodecProvider{}, CollectionCodecProvider{}, IterableCodecProvider{}, MapCodecProvider{}, GeoJsonCodecProvider{}, GridFSFileCodecProvider{}, Jsr310CodecProvider{}, JsonObjectCodecProvider{}, BsonCodecProvider{}, EnumCodecProvider{}, com.mongodb.client.model.mql.ExpressionCodecProvider@79ab34c1, com.mongodb.Jep395RecordCodecProvider@1698d7c0, com.mongodb.KotlinCodecProvider@281f23f2]}, ProvidersCodecRegistry{codecProviders=[org.bson.codecs.pojo.PojoCodecProvider@87abc48]}]}, loggerSettings=LoggerSettings{maxDocumentLength=1000}, clusterSettings={hosts=[localhost:27017], srvServiceName=mongodb, mode=SINGLE, requiredClusterType=UNKNOWN, requiredReplicaSetName='null', serverSelector='null', clusterListeners='[]', serverSelectionTimeout='30000 ms', localThreshold='15 ms'}, socketSettings=SocketSettings{connectTimeoutMS=10000, readTimeoutMS=0, receiveBufferSize=0, proxySettings=ProxySettings{host=null, port=null, username=null, password=null}}, heartbeatSocketSettings=SocketSettings{connectTimeoutMS=10000, readTimeoutMS=10000, receiveBufferSize=0, proxySettings=ProxySettings{host=null, port=null, username=null, password=null}}, connectionPoolSettings=ConnectionPoolSettings{maxSize=100, minSize=0, maxWaitTimeMS=120000, maxConnectionLifeTimeMS=0, maxConnectionIdleTimeMS=0, maintenanceInitialDelayMS=0, maintenanceFrequencyMS=60000, connectionPoolListeners=[], maxConnecting=2}, serverSettings=ServerSettings{heartbeatFrequencyMS=10000, minHeartbeatFrequencyMS=500, serverMonitoringMode=AUTO, serverListeners='[]', serverMonitorListeners='[]'}, sslSettings=SslSettings{enabled=false, invalidHostNameAllowed=false, context=null}, applicationName='null', compressorList=[], uuidRepresentation=UNSPECIFIED, serverApi=null, autoEncryptionSettings=null, dnsClient=null, inetAddressResolver=null, contextProvider=null}
[cluster-ClusterId{value='6981639443a43a708aba0d57', description='null'}-localhost:27017] INFO org.mongodb.driver.cluster - Monitor thread successfully connected to server with description ServerDescription{address=localhost:27017, type=STANDALONE, state=CONNECTED, ok=true, minWireVersion=0, maxWireVersion=27, maxDocumentSize=16777216, logicalSessionTimeoutMinutes=30, roundTripTimeNanos=28680400}
]]></system-err>
  </testcase>
  <testcase name="agendarCita_debe_rechazar_campos_vacios" classname="controlador.CitaControllerTest" time="0.009">
    <system-out><![CDATA[✅ CitaController inicializado con MongoDB
⚠️ Todas las citas han sido eliminadas

🧹 Base de datos limpiada para el test

📝 Intentando agendar cita:
   - Servicio: null
   - Personal: Dr. Juan Pérez
   - Fecha: 2026-02-03
   - Hora: 10:00
⚠️ Todas las citas han sido eliminadas
🧹 Base de datos limpiada después del test

]]></system-out>
    <system-err><![CDATA[❌ Validación fallida: Por favor complete todos los campos obligatorios.
]]></system-err>
  </testcase>
  <testcase name="agendarCita_debe_rechazar_fechas_pasadas" classname="controlador.CitaControllerTest" time="0.008">
    <system-out><![CDATA[✅ CitaController inicializado con MongoDB
⚠️ Todas las citas han sido eliminadas

🧹 Base de datos limpiada para el test

📝 Intentando agendar cita:
   - Servicio: Consulta General
   - Personal: Dr. Juan Pérez
   - Fecha: 2026-02-01
   - Hora: 10:00
⚠️ Todas las citas han sido eliminadas
🧹 Base de datos limpiada después del test

]]></system-out>
    <system-err><![CDATA[❌ Validación fallida: No puede agendar citas en fechas pasadas.
]]></system-err>
  </testcase>
  <testcase name="agendarCita_debe_prevenir_solapamiento" classname="controlador.CitaControllerTest" time="0.02">
    <system-out><![CDATA[✅ CitaController inicializado con MongoDB
⚠️ Todas las citas han sido eliminadas

🧹 Base de datos limpiada para el test

📝 Intentando agendar cita:
   - Servicio: Consulta
   - Personal: Dr. Juan Pérez
   - Fecha: 2026-02-03
   - Hora: 10:00
🆕 Cita creada con código: CITA-4E99E148
✅ Cita guardada: CITA-4E99E148
✅ Cita guardada exitosamente en MongoDB
📝 Intentando agendar cita:
   - Servicio: Consulta
   - Personal: Dr. Juan Pérez
   - Fecha: 2026-02-03
   - Hora: 10:00
⚠️ Todas las citas han sido eliminadas
🧹 Base de datos limpiada después del test

]]></system-out>
    <system-err><![CDATA[❌ Validación fallida: El horario seleccionado ya está ocupado. Por favor seleccione otro.
]]></system-err>
  </testcase>
  <testcase name="verificarDisponibilidad_debe_retornar_false_con_horario_ocupado" classname="controlador.CitaControllerTest" time="0.02">
    <system-out><![CDATA[✅ CitaController inicializado con MongoDB
⚠️ Todas las citas han sido eliminadas

🧹 Base de datos limpiada para el test

📝 Intentando agendar cita:
   - Servicio: Consulta
   - Personal: Dr. Juan Pérez
   - Fecha: 2026-02-03
   - Hora: 10:00
🆕 Cita creada con código: CITA-C5EE9101
✅ Cita guardada: CITA-C5EE9101
✅ Cita guardada exitosamente en MongoDB
🔍 Disponibilidad Dr. Juan Pérez 2026-02-03 10:00: OCUPADO
⚠️ Todas las citas han sido eliminadas
🧹 Base de datos limpiada después del test

]]></system-out>
  </testcase>
  <testcase name="verificarDisponibilidad_debe_retornar_true_con_horario_libre" classname="controlador.CitaControllerTest" time="0.01">
    <system-out><![CDATA[✅ CitaController inicializado con MongoDB
⚠️ Todas las citas han sido eliminadas

🧹 Base de datos limpiada para el test

📝 Intentando agendar cita:
   - Servicio: Consulta
   - Personal: Dr. Juan Pérez
   - Fecha: 2026-02-03
   - Hora: 10:00
🆕 Cita creada con código: CITA-8739AF42
✅ Cita guardada: CITA-8739AF42
✅ Cita guardada exitosamente en MongoDB
🔍 Disponibilidad Dr. Juan Pérez 2026-02-03 14:00: DISPONIBLE
⚠️ Todas las citas han sido eliminadas
🧹 Base de datos limpiada después del test

]]></system-out>
  </testcase>
  <testcase name="obtenerHorariosOcupados_debe_listar_correctamente" classname="controlador.CitaControllerTest" time="0.018">
    <system-out><![CDATA[✅ CitaController inicializado con MongoDB
⚠️ Todas las citas han sido eliminadas

🧹 Base de datos limpiada para el test

📝 Intentando agendar cita:
   - Servicio: Consulta
   - Personal: Dr. Juan Pérez
   - Fecha: 2026-02-03
   - Hora: 10:00
🆕 Cita creada con código: CITA-22A5903A
✅ Cita guardada: CITA-22A5903A
✅ Cita guardada exitosamente en MongoDB
📝 Intentando agendar cita:
   - Servicio: Consulta
   - Personal: Dr. Juan Pérez
   - Fecha: 2026-02-03
   - Hora: 14:00
🆕 Cita creada con código: CITA-6869E3E6
✅ Cita guardada: CITA-6869E3E6
✅ Cita guardada exitosamente en MongoDB
🕐 Horarios ocupados para Dr. Juan Pérez el 2026-02-03: 2
⚠️ Todas las citas han sido eliminadas
🧹 Base de datos limpiada después del test

]]></system-out>
  </testcase>
  <testcase name="cancelarCita_debe_rechazar_codigo_invalido" classname="controlador.CitaControllerTest" time="0.007">
    <system-out><![CDATA[✅ CitaController inicializado con MongoDB
⚠️ Todas las citas han sido eliminadas

🧹 Base de datos limpiada para el test

🗑️ Intentando cancelar cita: CITA-NOEXISTE
⚠️ Todas las citas han sido eliminadas
🧹 Base de datos limpiada después del test

]]></system-out>
    <system-err><![CDATA[❌ Cita no encontrada: CITA-NOEXISTE
]]></system-err>
  </testcase>
  <testcase name="cancelarCita_debe_funcionar_con_codigo_valido" classname="controlador.CitaControllerTest" time="0.02">
    <system-out><![CDATA[✅ CitaController inicializado con MongoDB
⚠️ Todas las citas han sido eliminadas

🧹 Base de datos limpiada para el test

📝 Intentando agendar cita:
   - Servicio: Consulta
   - Personal: Dr. Juan Pérez
   - Fecha: 2026-02-03
   - Hora: 10:00
🆕 Cita creada con código: CITA-4DDC620A
✅ Cita guardada: CITA-4DDC620A
✅ Cita guardada exitosamente en MongoDB
🗑️ Intentando cancelar cita: CITA-4DDC620A
✅ Cita actualizada: CITA-4DDC620A
✅ Cita cancelada exitosamente
⚠️ Todas las citas han sido eliminadas
🧹 Base de datos limpiada después del test

]]></system-out>
  </testcase>
  <testcase name="buscarCitaPorCodigo_debe_retornar_null_con_codigo_invalido" classname="controlador.CitaControllerTest" time="0.012">
    <system-out><![CDATA[✅ CitaController inicializado con MongoDB
⚠️ Todas las citas han sido eliminadas

🧹 Base de datos limpiada para el test

🔎 Búsqueda por código CITA-NOEXISTE: NO ENCONTRADA
⚠️ Todas las citas han sido eliminadas
🧹 Base de datos limpiada después del test

]]></system-out>
  </testcase>
  <testcase name="buscarCitaPorCodigo_debe_retornar_cita_correcta" classname="controlador.CitaControllerTest" time="0.014">
    <system-out><![CDATA[✅ CitaController inicializado con MongoDB
⚠️ Todas las citas han sido eliminadas

🧹 Base de datos limpiada para el test

📝 Intentando agendar cita:
   - Servicio: Consulta
   - Personal: Dr. Juan Pérez
   - Fecha: 2026-02-03
   - Hora: 10:00
🆕 Cita creada con código: CITA-7FB53E45
✅ Cita guardada: CITA-7FB53E45
✅ Cita guardada exitosamente en MongoDB
🔎 Búsqueda por código CITA-7FB53E45: ENCONTRADA
⚠️ Todas las citas han sido eliminadas
🧹 Base de datos limpiada después del test

]]></system-out>
  </testcase>
  <testcase name="obtenerEstadisticas_debe_calcular_correctamente" classname="controlador.CitaControllerTest" time="0.038">
    <system-out><![CDATA[✅ CitaController inicializado con MongoDB
⚠️ Todas las citas han sido eliminadas

🧹 Base de datos limpiada para el test

📝 Intentando agendar cita:
   - Servicio: Consulta
   - Personal: Dr. Juan Pérez
   - Fecha: 2026-02-03
   - Hora: 10:00
🆕 Cita creada con código: CITA-C64891FA
✅ Cita guardada: CITA-C64891FA
✅ Cita guardada exitosamente en MongoDB
📝 Intentando agendar cita:
   - Servicio: Consulta
   - Personal: Dra. María González
   - Fecha: 2026-02-03
   - Hora: 14:00
🆕 Cita creada con código: CITA-A7F9D3B1
✅ Cita guardada: CITA-A7F9D3B1
✅ Cita guardada exitosamente en MongoDB
📈 Estadísticas - P:2 A:0 C:0 N:0
⚠️ Todas las citas han sido eliminadas
🧹 Base de datos limpiada después del test

]]></system-out>
  </testcase>
  <testcase name="obtenerTodasLasCitas_debe_retornar_lista_completa" classname="controlador.CitaControllerTest" time="0.019">
    <system-out><![CDATA[✅ CitaController inicializado con MongoDB
⚠️ Todas las citas han sido eliminadas

🧹 Base de datos limpiada para el test

📝 Intentando agendar cita:
   - Servicio: Consulta
   - Personal: Dr. Juan Pérez
   - Fecha: 2026-02-03
   - Hora: 10:00
🆕 Cita creada con código: CITA-C8F486FE
✅ Cita guardada: CITA-C8F486FE
✅ Cita guardada exitosamente en MongoDB
📝 Intentando agendar cita:
   - Servicio: Consulta
   - Personal: Dra. María González
   - Fecha: 2026-02-03
   - Hora: 14:00
🆕 Cita creada con código: CITA-7D9D9530
✅ Cita guardada: CITA-7D9D9530
✅ Cita guardada exitosamente en MongoDB
📊 Total de citas: 2
⚠️ Todas las citas han sido eliminadas
🧹 Base de datos limpiada después del test

]]></system-out>
  </testcase>
  <testcase name="obtenerCitasPendientes_debe_filtrar_correctamente" classname="controlador.CitaControllerTest" time="0.017">
    <system-out><![CDATA[✅ CitaController inicializado con MongoDB
⚠️ Todas las citas han sido eliminadas

🧹 Base de datos limpiada para el test

📝 Intentando agendar cita:
   - Servicio: Consulta
   - Personal: Dr. Juan Pérez
   - Fecha: 2026-02-03
   - Hora: 10:00
🆕 Cita creada con código: CITA-D9EDDB13
✅ Cita guardada: CITA-D9EDDB13
✅ Cita guardada exitosamente en MongoDB
📝 Intentando agendar cita:
   - Servicio: Consulta
   - Personal: Dra. María González
   - Fecha: 2026-02-03
   - Hora: 14:00
🆕 Cita creada con código: CITA-3A712F19
✅ Cita guardada: CITA-3A712F19
✅ Cita guardada exitosamente en MongoDB
⏳ Citas pendientes: 2
⚠️ Todas las citas han sido eliminadas
🧹 Base de datos limpiada después del test

]]></system-out>
  </testcase>
</testsuite>