<?xml version="1.0" encoding="UTF-8"?>
<testsuite xmlns:xsi="http://www.w3.org/2001/XMLSchema-instance" xsi:noNamespaceSchemaLocation="https://maven.apache.org/surefire/maven-surefire-plugin/xsd/surefire-test-report-3.0.xsd" version="3.0" name="modelo.CitaTest" time="0.042" tests="22" errors="0" skipped="0" failures="0">
  <properties>
[...]
</properties>
  <testcase name="constructor_vacio_debe_crear_cita_con_valores_por_defecto" classname="modelo.CitaTest" time="0.001"/>
  <testcase name="constructor_debe_asignar_fecha_creacion" classname="modelo.CitaTest" time="0.001"/>
  <testcase name="toString_debe_incluir_informacion_basica" classname="modelo.CitaTest" time="0.008"/>
  <testcase name="getFechaHora_debe_retornar_null_sin_fecha" classname="modelo.CitaTest" time="0.001"/>
  <testcase name="setHora_debe_actualizar_hora" classname="modelo.CitaTest" time="0.001"/>
  <testcase name="dos_citas_deben_tener_codigos_diferentes" classname="modelo.CitaTest" time="0.002"/>
  <testcase name="getters_deben_retornar_valores_correctos" classname="modelo.CitaTest" time="0.001"/>
  <testcase name="setFecha_debe_actualizar_fecha" classname="modelo.CitaTest" time="0.001"/>
  <testcase name="puedeCancelar_debe_retornar_true_con_mas_de_2_horas" classname="modelo.CitaTest" time="0.001"/>
  <testcase name="marcarAtendida_debe_cambiar_estado" classname="modelo.CitaTest" time="0.001"/>
  <testcase name="puedeCancelar_debe_retornar_false_con_estado_no_pendiente" classname="modelo.CitaTest" time="0.001"/>
  <testcase name="marcarNoAsistio_debe_cambiar_estado" classname="modelo.CitaTest" time="0.001"/>
  <testcase name="setCodigo_debe_actualizar_codigo" classname="modelo.CitaTest" time="0.001"/>
  <testcase name="puedeCancelar_debe_retornar_false_sin_fecha_hora" classname="modelo.CitaTest" time="0.001"/>
  <testcase name="setEstado_debe_actualizar_estado" classname="modelo.CitaTest" time="0.001"/>
  <testcase name="constructor_debe_crear_cita_con_estado_pendiente" classname="modelo.CitaTest" time="0"/>
  <testcase name="constructor_debe_generar_codigo_unico" classname="modelo.CitaTest" time="0.001"/>
  <testcase name="getFechaHora_debe_combinar_fecha_y_hora" classname="modelo.CitaTest" time="0.001"/>
  <testcase name="estado_descripcion_debe_retornar_texto_correcto" classname="modelo.CitaTest" time="0.001"/>
  <testcase name="setters_deben_actualizar_valores" classname="modelo.CitaTest" time="0"/>
  <testcase name="cancelar_debe_fallar_si_no_cumple_reglas" classname="modelo.CitaTest" time="0.001"/>
  <testcase name="cancelar_debe_cambiar_estado_a_cancelada" classname="modelo.CitaTest" time="0.001"/>
</testsuite>