<?xml version="1.0" encoding="UTF-8"?>
<testsuite xmlns:xsi="http://www.w3.org/2001/XMLSchema-instance" xsi:noNamespaceSchemaLocation="https://maven.apache.org/surefire/maven-surefire-plugin/xsd/surefire-test-report-3.0.xsd" version="3.0" name="modelo.RepositorioCitasTest" time="0.03" tests="15" errors="0" skipped="0" failures="0">
  <properties>
[...]
</properties>
  <testcase name="limpiar_debe_eliminar_todas_las_citas" classname="modelo.RepositorioCitasTest" time="0.003"/>
  <testcase name="estaOcupado_debe_retornar_false_con_horario_libre" classname="modelo.RepositorioCitasTest" time="0.001"/>
  <testcase name="obtenerHorariosOcupados_debe_retornar_lista_correcta" classname="modelo.RepositorioCitasTest" time="0.002"/>
  <testcase name="obtenerInstancia_debe_retornar_singleton" classname="modelo.RepositorioCitasTest" time="0.001"/>
  <testcase name="guardar_debe_fallar_con_horario_duplicado" classname="modelo.RepositorioCitasTest" time="0"/>
  <testcase name="guardar_debe_agregar_cita_al_repositorio" classname="modelo.RepositorioCitasTest" time="0.001"/>
  <testcase name="buscarPorCodigo_debe_retornar_null_con_codigo_inexistente" classname="modelo.RepositorioCitasTest" time="0.001"/>
  <testcase name="guardar_debe_fallar_con_cita_nula" classname="modelo.RepositorioCitasTest" time="0.001"/>
  <testcase name="estaOcupado_debe_retornar_true_con_horario_ocupado" classname="modelo.RepositorioCitasTest" time="0.001"/>
  <testcase name="obtenerPendientes_debe_retornar_solo_pendientes" classname="modelo.RepositorioCitasTest" time="0.002"/>
  <testcase name="buscarPorCodigo_debe_retornar_cita_correcta" classname="modelo.RepositorioCitasTest" time="0.002"/>
  <testcase name="obtenerPorPersonal_debe_filtrar_correctamente" classname="modelo.RepositorioCitasTest" time="0.001"/>
  <testcase name="contarPorEstado_debe_contar_correctamente" classname="modelo.RepositorioCitasTest" time="0.002"/>
  <testcase name="obtenerPorFecha_debe_filtrar_correctamente" classname="modelo.RepositorioCitasTest" time="0.001"/>
  <testcase name="obtenerTodas_debe_retornar_lista_completa" classname="modelo.RepositorioCitasTest" time="0.001"/>
</testsuite>